build/app/intermediates/manifest_merge_blame_file/release/manifest-merger-blame-release-report.txt
1<?xml version="1.0" encoding="utf-8"?>
2<manifest xmlns:android="http://schemas.android.com/apk/res/android"
3    package="com.ybservice.tmp"
4    android:versionCode="1"
5    android:versionName="1.0.0" >
6
7    <uses-sdk
8        android:minSdkVersion="23"
9        android:targetSdkVersion="34" />
10
11    <uses-permission android:name="android.permission.INTERNET" />
11-->src\main\AndroidManifest.xml:4:5-66
11-->src\main\AndroidManifest.xml:4:22-64
12    <uses-permission
12-->src\main\AndroidManifest.xml:6:5-106
13        android:name="android.permission.READ_EXTERNAL_STORAGE"
13-->src\main\AndroidManifest.xml:6:22-77
14        android:maxSdkVersion="32" />
14-->src\main\AndroidManifest.xml:6:78-104
15    <uses-permission
15-->src\main\AndroidManifest.xml:7:5-107
16        android:name="android.permission.WRITE_EXTERNAL_STORAGE"
16-->src\main\AndroidManifest.xml:7:22-78
17        android:maxSdkVersion="32" />
17-->src\main\AndroidManifest.xml:7:79-105
18    <uses-permission android:name="android.permission.CAMERA" />
18-->src\main\AndroidManifest.xml:8:5-64
18-->src\main\AndroidManifest.xml:8:22-62
19    <uses-permission android:name="android.permission.WAKE_LOCK" />
19-->[:firebase_messaging] AndroidManifest.xml:8:5-68
19-->[:firebase_messaging] AndroidManifest.xml:8:22-65
20    <uses-permission android:name="android.permission.ACCESS_NETWORK_STATE" /> <!-- Permissions options for the `notification` group -->
20-->[:firebase_messaging] AndroidManifest.xml:9:5-79
20-->[:firebase_messaging] AndroidManifest.xml:9:22-76
21    <uses-permission android:name="android.permission.POST_NOTIFICATIONS" /> <!-- Create a unique permission for your app and use it so only your app can receive your OneSignal messages. -->
21-->[:firebase_messaging] AndroidManifest.xml:11:5-77
21-->[:firebase_messaging] AndroidManifest.xml:11:22-74
22    <permission
22-->[com.onesignal:notifications:5.1.29] AndroidManifest.xml:10:5-12:47
23        android:name="com.ybservice.tmp.permission.C2D_MESSAGE"
23-->[com.onesignal:notifications:5.1.29] AndroidManifest.xml:11:9-63
24        android:protectionLevel="signature" />
24-->[com.onesignal:notifications:5.1.29] AndroidManifest.xml:12:9-44
25
26    <uses-permission android:name="com.ybservice.tmp.permission.C2D_MESSAGE" /> <!-- c2dm RECEIVE are basic requirements for push messages through Google's FCM -->
26-->[com.onesignal:notifications:5.1.29] AndroidManifest.xml:14:5-79
26-->[com.onesignal:notifications:5.1.29] AndroidManifest.xml:14:22-76
27    <uses-permission android:name="com.google.android.c2dm.permission.RECEIVE" />
27-->[com.onesignal:notifications:5.1.29] AndroidManifest.xml:19:5-82
27-->[com.onesignal:notifications:5.1.29] AndroidManifest.xml:19:22-79
28    <!--
29 Required so the device vibrates on receiving a push notification.
30         Vibration settings of the device still apply.
31    -->
32    <uses-permission android:name="android.permission.VIBRATE" />
32-->[com.onesignal:notifications:5.1.29] AndroidManifest.xml:24:5-66
32-->[com.onesignal:notifications:5.1.29] AndroidManifest.xml:24:22-63
33    <!--
34 Use to restore notifications the user hasn't interacted with.
35     They could be missed notifications if the user reboots their device if this isn't in place.
36    -->
37    <uses-permission android:name="android.permission.RECEIVE_BOOT_COMPLETED" /> <!-- START: ShortcutBadger -->
37-->[com.onesignal:notifications:5.1.29] AndroidManifest.xml:29:5-81
37-->[com.onesignal:notifications:5.1.29] AndroidManifest.xml:29:22-78
38    <!-- Samsung -->
39    <uses-permission android:name="com.sec.android.provider.badge.permission.READ" />
39-->[com.onesignal:notifications:5.1.29] AndroidManifest.xml:31:5-86
39-->[com.onesignal:notifications:5.1.29] AndroidManifest.xml:31:22-83
40    <uses-permission android:name="com.sec.android.provider.badge.permission.WRITE" /> <!-- HTC -->
40-->[com.onesignal:notifications:5.1.29] AndroidManifest.xml:32:5-87
40-->[com.onesignal:notifications:5.1.29] AndroidManifest.xml:32:22-84
41    <uses-permission android:name="com.htc.launcher.permission.READ_SETTINGS" />
41-->[com.onesignal:notifications:5.1.29] AndroidManifest.xml:33:5-81
41-->[com.onesignal:notifications:5.1.29] AndroidManifest.xml:33:22-78
42    <uses-permission android:name="com.htc.launcher.permission.UPDATE_SHORTCUT" /> <!-- Sony -->
42-->[com.onesignal:notifications:5.1.29] AndroidManifest.xml:34:5-83
42-->[com.onesignal:notifications:5.1.29] AndroidManifest.xml:34:22-80
43    <uses-permission android:name="com.sonyericsson.home.permission.BROADCAST_BADGE" />
43-->[com.onesignal:notifications:5.1.29] AndroidManifest.xml:35:5-88
43-->[com.onesignal:notifications:5.1.29] AndroidManifest.xml:35:22-85
44    <uses-permission android:name="com.sonymobile.home.permission.PROVIDER_INSERT_BADGE" /> <!-- Apex -->
44-->[com.onesignal:notifications:5.1.29] AndroidManifest.xml:36:5-92
44-->[com.onesignal:notifications:5.1.29] AndroidManifest.xml:36:22-89
45    <uses-permission android:name="com.anddoes.launcher.permission.UPDATE_COUNT" /> <!-- Solid -->
45-->[com.onesignal:notifications:5.1.29] AndroidManifest.xml:37:5-84
45-->[com.onesignal:notifications:5.1.29] AndroidManifest.xml:37:22-81
46    <uses-permission android:name="com.majeur.launcher.permission.UPDATE_BADGE" /> <!-- Huawei -->
46-->[com.onesignal:notifications:5.1.29] AndroidManifest.xml:38:5-83
46-->[com.onesignal:notifications:5.1.29] AndroidManifest.xml:38:22-80
47    <uses-permission android:name="com.huawei.android.launcher.permission.CHANGE_BADGE" />
47-->[com.onesignal:notifications:5.1.29] AndroidManifest.xml:39:5-91
47-->[com.onesignal:notifications:5.1.29] AndroidManifest.xml:39:22-88
48    <uses-permission android:name="com.huawei.android.launcher.permission.READ_SETTINGS" />
48-->[com.onesignal:notifications:5.1.29] AndroidManifest.xml:40:5-92
48-->[com.onesignal:notifications:5.1.29] AndroidManifest.xml:40:22-89
49    <uses-permission android:name="com.huawei.android.launcher.permission.WRITE_SETTINGS" /> <!-- ZUK -->
49-->[com.onesignal:notifications:5.1.29] AndroidManifest.xml:41:5-93
49-->[com.onesignal:notifications:5.1.29] AndroidManifest.xml:41:22-90
50    <uses-permission android:name="android.permission.READ_APP_BADGE" /> <!-- OPPO -->
50-->[com.onesignal:notifications:5.1.29] AndroidManifest.xml:42:5-73
50-->[com.onesignal:notifications:5.1.29] AndroidManifest.xml:42:22-70
51    <uses-permission android:name="com.oppo.launcher.permission.READ_SETTINGS" />
51-->[com.onesignal:notifications:5.1.29] AndroidManifest.xml:43:5-82
51-->[com.onesignal:notifications:5.1.29] AndroidManifest.xml:43:22-79
52    <uses-permission android:name="com.oppo.launcher.permission.WRITE_SETTINGS" /> <!-- EvMe -->
52-->[com.onesignal:notifications:5.1.29] AndroidManifest.xml:44:5-83
52-->[com.onesignal:notifications:5.1.29] AndroidManifest.xml:44:22-80
53    <uses-permission android:name="me.everything.badger.permission.BADGE_COUNT_READ" />
53-->[com.onesignal:notifications:5.1.29] AndroidManifest.xml:45:5-88
53-->[com.onesignal:notifications:5.1.29] AndroidManifest.xml:45:22-85
54    <uses-permission android:name="me.everything.badger.permission.BADGE_COUNT_WRITE" />
54-->[com.onesignal:notifications:5.1.29] AndroidManifest.xml:46:5-89
54-->[com.onesignal:notifications:5.1.29] AndroidManifest.xml:46:22-86
55    <uses-permission android:name="com.google.android.providers.gsf.permission.READ_GSERVICES" />
55-->[com.google.android.recaptcha:recaptcha:18.5.1] AndroidManifest.xml:9:5-98
55-->[com.google.android.recaptcha:recaptcha:18.5.1] AndroidManifest.xml:9:22-95
56    <uses-permission android:name="android.permission.FOREGROUND_SERVICE" />
56-->[androidx.work:work-runtime:2.8.1] AndroidManifest.xml:26:5-77
56-->[androidx.work:work-runtime:2.8.1] AndroidManifest.xml:26:22-74
57
58    <permission
58-->[androidx.core:core:1.13.1] AndroidManifest.xml:22:5-24:47
59        android:name="com.ybservice.tmp.DYNAMIC_RECEIVER_NOT_EXPORTED_PERMISSION"
59-->[androidx.core:core:1.13.1] AndroidManifest.xml:23:9-81
60        android:protectionLevel="signature" />
60-->[androidx.core:core:1.13.1] AndroidManifest.xml:24:9-44
61
62    <uses-permission android:name="com.ybservice.tmp.DYNAMIC_RECEIVER_NOT_EXPORTED_PERMISSION" />
62-->[androidx.core:core:1.13.1] AndroidManifest.xml:26:5-97
62-->[androidx.core:core:1.13.1] AndroidManifest.xml:26:22-94
63
64    <application
64-->src\main\AndroidManifest.xml:9:5-63:19
65        android:appComponentFactory="androidx.core.app.CoreComponentFactory"
65-->[androidx.core:core:1.13.1] AndroidManifest.xml:28:18-86
66        android:extractNativeLibs="false"
67        android:icon="@mipmap/ic_launcher"
67-->src\main\AndroidManifest.xml:12:9-43
68        android:label="TMP "
68-->src\main\AndroidManifest.xml:10:9-29
69        android:requestLegacyExternalStorage="true" >
69-->src\main\AndroidManifest.xml:13:9-52
70        <activity
70-->src\main\AndroidManifest.xml:15:9-53:20
71            android:name="com.ybservice.tmp.MainActivity"
71-->src\main\AndroidManifest.xml:16:13-41
72            android:configChanges="orientation|keyboardHidden|keyboard|screenSize|smallestScreenSize|locale|layoutDirection|fontScale|screenLayout|density|uiMode"
72-->src\main\AndroidManifest.xml:20:13-163
73            android:exported="true"
73-->src\main\AndroidManifest.xml:17:13-36
74            android:hardwareAccelerated="true"
74-->src\main\AndroidManifest.xml:21:13-47
75            android:launchMode="singleTop"
75-->src\main\AndroidManifest.xml:18:13-43
76            android:theme="@style/LaunchTheme"
76-->src\main\AndroidManifest.xml:19:13-47
77            android:windowSoftInputMode="adjustResize" >
77-->src\main\AndroidManifest.xml:22:13-55
78
79            <!--
80                 Specifies an Android theme to apply to this Activity as soon as
81                 the Android process has started. This theme is visible to the user
82                 while the Flutter UI initializes. After that, this theme continues
83                 to determine the Window background behind the Flutter UI.
84            -->
85            <meta-data
85-->src\main\AndroidManifest.xml:27:13-30:17
86                android:name="io.flutter.embedding.android.NormalTheme"
86-->src\main\AndroidManifest.xml:28:15-70
87                android:resource="@style/NormalTheme" />
87-->src\main\AndroidManifest.xml:29:15-52
88            <!--
89                 Displays an Android View that continues showing the launch screen
90                 Drawable until Flutter paints its first frame, then this splash
91                 screen fades out. A splash screen is useful to avoid any visual
92                 gap between the end of Android's launch screen and the painting of
93                 Flutter's first frame.
94            -->
95            <meta-data
95-->src\main\AndroidManifest.xml:36:13-39:17
96                android:name="io.flutter.embedding.android.SplashScreenDrawable"
96-->src\main\AndroidManifest.xml:37:15-79
97                android:resource="@drawable/launch_background" />
97-->src\main\AndroidManifest.xml:38:15-61
98
99            <intent-filter>
99-->src\main\AndroidManifest.xml:40:13-43:29
100                <action android:name="android.intent.action.MAIN" />
100-->src\main\AndroidManifest.xml:41:17-68
100-->src\main\AndroidManifest.xml:41:25-66
101
102                <category android:name="android.intent.category.LAUNCHER" />
102-->src\main\AndroidManifest.xml:42:17-76
102-->src\main\AndroidManifest.xml:42:27-74
103            </intent-filter>
104            <!-- Deep linking -->
105            <meta-data
105-->src\main\AndroidManifest.xml:45:13-90
106                android:name="flutter_deeplinking_enabled"
106-->src\main\AndroidManifest.xml:45:24-66
107                android:value="true" />
107-->src\main\AndroidManifest.xml:45:67-87
108
109            <intent-filter android:autoVerify="true" >
109-->src\main\AndroidManifest.xml:46:13-51:29
109-->src\main\AndroidManifest.xml:46:28-53
110                <action android:name="android.intent.action.VIEW" />
110-->src\main\AndroidManifest.xml:47:17-69
110-->src\main\AndroidManifest.xml:47:25-66
111
112                <category android:name="android.intent.category.DEFAULT" />
112-->src\main\AndroidManifest.xml:48:17-76
112-->src\main\AndroidManifest.xml:48:27-73
113                <category android:name="android.intent.category.BROWSABLE" />
113-->src\main\AndroidManifest.xml:49:17-78
113-->src\main\AndroidManifest.xml:49:27-75
114
115                <data
115-->src\main\AndroidManifest.xml:50:17-69
116                    android:host="tmp.com"
116-->src\main\AndroidManifest.xml:50:44-66
117                    android:scheme="tmp" />
117-->src\main\AndroidManifest.xml:50:23-43
118            </intent-filter>
119        </activity>
120
121        <!--
122             Don't delete the meta-data below.
123             This is used by the Flutter tool to generate GeneratedPluginRegistrant.java
124        -->
125        <meta-data
125-->src\main\AndroidManifest.xml:57:9-59:33
126            android:name="flutterEmbedding"
126-->src\main\AndroidManifest.xml:58:13-44
127            android:value="2" />
127-->src\main\AndroidManifest.xml:59:13-30
128
129        <service
129-->[:cloud_firestore] AndroidManifest.xml:8:9-12:19
130            android:name="com.google.firebase.components.ComponentDiscoveryService"
130-->[:cloud_firestore] AndroidManifest.xml:8:18-89
131            android:directBootAware="true"
131-->[com.google.firebase:firebase-common:21.0.0] AndroidManifest.xml:32:13-43
132            android:exported="false" >
132-->[com.google.firebase:firebase-perf:21.0.2] AndroidManifest.xml:13:13-37
133            <meta-data
133-->[:cloud_firestore] AndroidManifest.xml:9:13-11:85
134                android:name="com.google.firebase.components:io.flutter.plugins.firebase.firestore.FlutterFirebaseFirestoreRegistrar"
134-->[:cloud_firestore] AndroidManifest.xml:10:17-134
135                android:value="com.google.firebase.components.ComponentRegistrar" />
135-->[:cloud_firestore] AndroidManifest.xml:11:17-82
136            <meta-data
136-->[:cloud_functions] AndroidManifest.xml:9:13-11:85
137                android:name="com.google.firebase.components:io.flutter.plugins.firebase.functions.FlutterFirebaseAppRegistrar"
137-->[:cloud_functions] AndroidManifest.xml:10:17-128
138                android:value="com.google.firebase.components.ComponentRegistrar" />
138-->[:cloud_functions] AndroidManifest.xml:11:17-82
139            <meta-data
139-->[:firebase_auth] AndroidManifest.xml:9:13-11:85
140                android:name="com.google.firebase.components:io.flutter.plugins.firebase.auth.FlutterFirebaseAuthRegistrar"
140-->[:firebase_auth] AndroidManifest.xml:10:17-124
141                android:value="com.google.firebase.components.ComponentRegistrar" />
141-->[:firebase_auth] AndroidManifest.xml:11:17-82
142            <meta-data
142-->[:firebase_messaging] AndroidManifest.xml:36:13-38:85
143                android:name="com.google.firebase.components:io.flutter.plugins.firebase.messaging.FlutterFirebaseAppRegistrar"
143-->[:firebase_messaging] AndroidManifest.xml:37:17-128
144                android:value="com.google.firebase.components.ComponentRegistrar" />
144-->[:firebase_messaging] AndroidManifest.xml:38:17-82
145            <meta-data
145-->[:firebase_performance] AndroidManifest.xml:11:13-13:85
146                android:name="com.google.firebase.components:io.flutter.plugins.firebase.performance.FlutterFirebaseAppRegistrar"
146-->[:firebase_performance] AndroidManifest.xml:12:17-130
147                android:value="com.google.firebase.components.ComponentRegistrar" />
147-->[:firebase_performance] AndroidManifest.xml:13:17-82
148            <meta-data
148-->[:firebase_core] AndroidManifest.xml:9:13-11:85
149                android:name="com.google.firebase.components:io.flutter.plugins.firebase.core.FlutterFirebaseCoreRegistrar"
149-->[:firebase_core] AndroidManifest.xml:10:17-124
150                android:value="com.google.firebase.components.ComponentRegistrar" />
150-->[:firebase_core] AndroidManifest.xml:11:17-82
151            <meta-data
151-->[com.google.firebase:firebase-perf:21.0.2] AndroidManifest.xml:14:13-16:85
152                android:name="com.google.firebase.components:com.google.firebase.perf.FirebasePerfKtxRegistrar"
152-->[com.google.firebase:firebase-perf:21.0.2] AndroidManifest.xml:15:17-112
153                android:value="com.google.firebase.components.ComponentRegistrar" />
153-->[com.google.firebase:firebase-perf:21.0.2] AndroidManifest.xml:16:17-82
154            <meta-data
154-->[com.google.firebase:firebase-perf:21.0.2] AndroidManifest.xml:17:13-19:85
155                android:name="com.google.firebase.components:com.google.firebase.perf.FirebasePerfRegistrar"
155-->[com.google.firebase:firebase-perf:21.0.2] AndroidManifest.xml:18:17-109
156                android:value="com.google.firebase.components.ComponentRegistrar" />
156-->[com.google.firebase:firebase-perf:21.0.2] AndroidManifest.xml:19:17-82
157            <meta-data
157-->[com.google.firebase:firebase-sessions:2.0.0] AndroidManifest.xml:29:13-31:85
158                android:name="com.google.firebase.components:com.google.firebase.sessions.FirebaseSessionsRegistrar"
158-->[com.google.firebase:firebase-sessions:2.0.0] AndroidManifest.xml:30:17-117
159                android:value="com.google.firebase.components.ComponentRegistrar" />
159-->[com.google.firebase:firebase-sessions:2.0.0] AndroidManifest.xml:31:17-82
160            <meta-data
160-->[com.google.firebase:firebase-functions:21.0.0] AndroidManifest.xml:15:13-17:85
161                android:name="com.google.firebase.components:com.google.firebase.functions.FirebaseFunctionsKtxRegistrar"
161-->[com.google.firebase:firebase-functions:21.0.0] AndroidManifest.xml:16:17-122
162                android:value="com.google.firebase.components.ComponentRegistrar" />
162-->[com.google.firebase:firebase-functions:21.0.0] AndroidManifest.xml:17:17-82
163            <meta-data
163-->[com.google.firebase:firebase-functions:21.0.0] AndroidManifest.xml:18:13-20:85
164                android:name="com.google.firebase.components:com.google.firebase.functions.FunctionsRegistrar"
164-->[com.google.firebase:firebase-functions:21.0.0] AndroidManifest.xml:19:17-111
165                android:value="com.google.firebase.components.ComponentRegistrar" />
165-->[com.google.firebase:firebase-functions:21.0.0] AndroidManifest.xml:20:17-82
166            <meta-data
166-->[com.google.firebase:firebase-auth:23.1.0] AndroidManifest.xml:69:13-71:85
167                android:name="com.google.firebase.components:com.google.firebase.auth.FirebaseAuthRegistrar"
167-->[com.google.firebase:firebase-auth:23.1.0] AndroidManifest.xml:70:17-109
168                android:value="com.google.firebase.components.ComponentRegistrar" />
168-->[com.google.firebase:firebase-auth:23.1.0] AndroidManifest.xml:71:17-82
169            <meta-data
169-->[com.google.firebase:firebase-firestore:25.1.1] AndroidManifest.xml:17:13-19:85
170                android:name="com.google.firebase.components:com.google.firebase.firestore.FirebaseFirestoreKtxRegistrar"
170-->[com.google.firebase:firebase-firestore:25.1.1] AndroidManifest.xml:18:17-122
171                android:value="com.google.firebase.components.ComponentRegistrar" />
171-->[com.google.firebase:firebase-firestore:25.1.1] AndroidManifest.xml:19:17-82
172            <meta-data
172-->[com.google.firebase:firebase-firestore:25.1.1] AndroidManifest.xml:20:13-22:85
173                android:name="com.google.firebase.components:com.google.firebase.firestore.FirestoreRegistrar"
173-->[com.google.firebase:firebase-firestore:25.1.1] AndroidManifest.xml:21:17-111
174                android:value="com.google.firebase.components.ComponentRegistrar" />
174-->[com.google.firebase:firebase-firestore:25.1.1] AndroidManifest.xml:22:17-82
175            <meta-data
175-->[com.google.firebase:firebase-messaging:24.0.3] AndroidManifest.xml:57:13-59:85
176                android:name="com.google.firebase.components:com.google.firebase.messaging.FirebaseMessagingKtxRegistrar"
176-->[com.google.firebase:firebase-messaging:24.0.3] AndroidManifest.xml:58:17-122
177                android:value="com.google.firebase.components.ComponentRegistrar" />
177-->[com.google.firebase:firebase-messaging:24.0.3] AndroidManifest.xml:59:17-82
178            <meta-data
178-->[com.google.firebase:firebase-messaging:24.0.3] AndroidManifest.xml:60:13-62:85
179                android:name="com.google.firebase.components:com.google.firebase.messaging.FirebaseMessagingRegistrar"
179-->[com.google.firebase:firebase-messaging:24.0.3] AndroidManifest.xml:61:17-119
180                android:value="com.google.firebase.components.ComponentRegistrar" />
180-->[com.google.firebase:firebase-messaging:24.0.3] AndroidManifest.xml:62:17-82
181            <meta-data
181-->[com.google.firebase:firebase-config:22.0.1] AndroidManifest.xml:29:13-31:85
182                android:name="com.google.firebase.components:com.google.firebase.remoteconfig.FirebaseRemoteConfigKtxRegistrar"
182-->[com.google.firebase:firebase-config:22.0.1] AndroidManifest.xml:30:17-128
183                android:value="com.google.firebase.components.ComponentRegistrar" />
183-->[com.google.firebase:firebase-config:22.0.1] AndroidManifest.xml:31:17-82
184            <meta-data
184-->[com.google.firebase:firebase-config:22.0.1] AndroidManifest.xml:32:13-34:85
185                android:name="com.google.firebase.components:com.google.firebase.remoteconfig.RemoteConfigRegistrar"
185-->[com.google.firebase:firebase-config:22.0.1] AndroidManifest.xml:33:17-117
186                android:value="com.google.firebase.components.ComponentRegistrar" />
186-->[com.google.firebase:firebase-config:22.0.1] AndroidManifest.xml:34:17-82
187            <meta-data
187-->[com.google.firebase:firebase-iid:21.1.0] AndroidManifest.xml:32:13-34:85
188                android:name="com.google.firebase.components:com.google.firebase.iid.Registrar"
188-->[com.google.firebase:firebase-iid:21.1.0] AndroidManifest.xml:33:17-96
189                android:value="com.google.firebase.components.ComponentRegistrar" />
189-->[com.google.firebase:firebase-iid:21.1.0] AndroidManifest.xml:34:17-82
190            <meta-data
190-->[com.google.firebase:firebase-installations:18.0.0] AndroidManifest.xml:15:13-17:85
191                android:name="com.google.firebase.components:com.google.firebase.installations.FirebaseInstallationsKtxRegistrar"
191-->[com.google.firebase:firebase-installations:18.0.0] AndroidManifest.xml:16:17-130
192                android:value="com.google.firebase.components.ComponentRegistrar" />
192-->[com.google.firebase:firebase-installations:18.0.0] AndroidManifest.xml:17:17-82
193            <meta-data
193-->[com.google.firebase:firebase-installations:18.0.0] AndroidManifest.xml:18:13-20:85
194                android:name="com.google.firebase.components:com.google.firebase.installations.FirebaseInstallationsRegistrar"
194-->[com.google.firebase:firebase-installations:18.0.0] AndroidManifest.xml:19:17-127
195                android:value="com.google.firebase.components.ComponentRegistrar" />
195-->[com.google.firebase:firebase-installations:18.0.0] AndroidManifest.xml:20:17-82
196            <meta-data
196-->[com.google.firebase:firebase-common-ktx:21.0.0] AndroidManifest.xml:12:13-14:85
197                android:name="com.google.firebase.components:com.google.firebase.ktx.FirebaseCommonLegacyRegistrar"
197-->[com.google.firebase:firebase-common-ktx:21.0.0] AndroidManifest.xml:13:17-116
198                android:value="com.google.firebase.components.ComponentRegistrar" />
198-->[com.google.firebase:firebase-common-ktx:21.0.0] AndroidManifest.xml:14:17-82
199            <meta-data
199-->[com.google.firebase:firebase-common:21.0.0] AndroidManifest.xml:35:13-37:85
200                android:name="com.google.firebase.components:com.google.firebase.FirebaseCommonKtxRegistrar"
200-->[com.google.firebase:firebase-common:21.0.0] AndroidManifest.xml:36:17-109
201                android:value="com.google.firebase.components.ComponentRegistrar" />
201-->[com.google.firebase:firebase-common:21.0.0] AndroidManifest.xml:37:17-82
202            <meta-data
202-->[com.google.firebase:firebase-abt:21.1.1] AndroidManifest.xml:12:13-14:85
203                android:name="com.google.firebase.components:com.google.firebase.abt.component.AbtRegistrar"
203-->[com.google.firebase:firebase-abt:21.1.1] AndroidManifest.xml:13:17-109
204                android:value="com.google.firebase.components.ComponentRegistrar" />
204-->[com.google.firebase:firebase-abt:21.1.1] AndroidManifest.xml:14:17-82
205            <meta-data
205-->[com.google.firebase:firebase-datatransport:18.2.0] AndroidManifest.xml:25:13-27:85
206                android:name="com.google.firebase.components:com.google.firebase.datatransport.TransportRegistrar"
206-->[com.google.firebase:firebase-datatransport:18.2.0] AndroidManifest.xml:26:17-115
207                android:value="com.google.firebase.components.ComponentRegistrar" />
207-->[com.google.firebase:firebase-datatransport:18.2.0] AndroidManifest.xml:27:17-82
208        </service>
209        <service
209-->[:firebase_messaging] AndroidManifest.xml:14:9-17:72
210            android:name="io.flutter.plugins.firebase.messaging.FlutterFirebaseMessagingBackgroundService"
210-->[:firebase_messaging] AndroidManifest.xml:15:13-107
211            android:exported="false"
211-->[:firebase_messaging] AndroidManifest.xml:16:13-37
212            android:permission="android.permission.BIND_JOB_SERVICE" />
212-->[:firebase_messaging] AndroidManifest.xml:17:13-69
213        <service
213-->[:firebase_messaging] AndroidManifest.xml:18:9-24:19
214            android:name="io.flutter.plugins.firebase.messaging.FlutterFirebaseMessagingService"
214-->[:firebase_messaging] AndroidManifest.xml:19:13-97
215            android:exported="false" >
215-->[:firebase_messaging] AndroidManifest.xml:20:13-37
216            <intent-filter>
216-->[:firebase_messaging] AndroidManifest.xml:21:13-23:29
217                <action android:name="com.google.firebase.MESSAGING_EVENT" />
217-->[:firebase_messaging] AndroidManifest.xml:22:17-78
217-->[:firebase_messaging] AndroidManifest.xml:22:25-75
218            </intent-filter>
219        </service>
220
221        <receiver
221-->[:firebase_messaging] AndroidManifest.xml:26:9-33:20
222            android:name="io.flutter.plugins.firebase.messaging.FlutterFirebaseMessagingReceiver"
222-->[:firebase_messaging] AndroidManifest.xml:27:13-98
223            android:exported="true"
223-->[:firebase_messaging] AndroidManifest.xml:28:13-36
224            android:permission="com.google.android.c2dm.permission.SEND" >
224-->[:firebase_messaging] AndroidManifest.xml:29:13-73
225            <intent-filter>
225-->[:firebase_messaging] AndroidManifest.xml:30:13-32:29
226                <action android:name="com.google.android.c2dm.intent.RECEIVE" />
226-->[:firebase_messaging] AndroidManifest.xml:31:17-81
226-->[:firebase_messaging] AndroidManifest.xml:31:25-78
227            </intent-filter>
228        </receiver>
229
230        <provider
230-->[:firebase_messaging] AndroidManifest.xml:41:9-45:38
231            android:name="io.flutter.plugins.firebase.messaging.FlutterFirebaseMessagingInitProvider"
231-->[:firebase_messaging] AndroidManifest.xml:42:13-102
232            android:authorities="com.ybservice.tmp.flutterfirebasemessaginginitprovider"
232-->[:firebase_messaging] AndroidManifest.xml:43:13-88
233            android:exported="false"
233-->[:firebase_messaging] AndroidManifest.xml:44:13-37
234            android:initOrder="99" />
234-->[:firebase_messaging] AndroidManifest.xml:45:13-35
235
236        <activity
236-->[:url_launcher_android] AndroidManifest.xml:8:9-11:74
237            android:name="io.flutter.plugins.urllauncher.WebViewActivity"
237-->[:url_launcher_android] AndroidManifest.xml:9:13-74
238            android:exported="false"
238-->[:url_launcher_android] AndroidManifest.xml:10:13-37
239            android:theme="@android:style/Theme.NoTitleBar.Fullscreen" />
239-->[:url_launcher_android] AndroidManifest.xml:11:13-71
240
241        <service
241-->[com.google.firebase:firebase-sessions:2.0.0] AndroidManifest.xml:22:9-25:40
242            android:name="com.google.firebase.sessions.SessionLifecycleService"
242-->[com.google.firebase:firebase-sessions:2.0.0] AndroidManifest.xml:23:13-80
243            android:enabled="true"
243-->[com.google.firebase:firebase-sessions:2.0.0] AndroidManifest.xml:24:13-35
244            android:exported="false" />
244-->[com.google.firebase:firebase-sessions:2.0.0] AndroidManifest.xml:25:13-37
245
246        <activity
246-->[com.google.firebase:firebase-auth:23.1.0] AndroidManifest.xml:29:9-46:20
247            android:name="com.google.firebase.auth.internal.GenericIdpActivity"
247-->[com.google.firebase:firebase-auth:23.1.0] AndroidManifest.xml:30:13-80
248            android:excludeFromRecents="true"
248-->[com.google.firebase:firebase-auth:23.1.0] AndroidManifest.xml:31:13-46
249            android:exported="true"
249-->[com.google.firebase:firebase-auth:23.1.0] AndroidManifest.xml:32:13-36
250            android:launchMode="singleTask"
250-->[com.google.firebase:firebase-auth:23.1.0] AndroidManifest.xml:33:13-44
251            android:theme="@android:style/Theme.Translucent.NoTitleBar" >
251-->[com.google.firebase:firebase-auth:23.1.0] AndroidManifest.xml:34:13-72
252            <intent-filter>
252-->[com.google.firebase:firebase-auth:23.1.0] AndroidManifest.xml:35:13-45:29
253                <action android:name="android.intent.action.VIEW" />
253-->src\main\AndroidManifest.xml:47:17-69
253-->src\main\AndroidManifest.xml:47:25-66
254